<?xml version="1.0" encoding="UTF-8"?>
<testng-results ignored="0" total="6" passed="6" failed="0" skipped="0">
  <reporter-output>
  </reporter-output>
  <suite started-at="2025-02-26T13:33:55 IST" name="suite" finished-at="2025-02-26T13:34:38 IST" duration-ms="42339">
    <groups>
    </groups>
    <test started-at="2025-02-26T13:33:55 IST" name="Test" finished-at="2025-02-26T13:34:38 IST" duration-ms="42339">
      <class name="testCases.LoginLogoutEndToEnd_TestCases">
        <test-method is-config="true" signature="setup()[pri:0, instance:testCases.LoginLogoutEndToEnd_TestCases@63475ace]" started-at="2025-02-26T13:33:56 IST" name="setup" finished-at="2025-02-26T13:34:08 IST" duration-ms="12000" status="PASS">
          <reporter-output>
          </reporter-output>
        </test-method> <!-- setup -->
        <test-method is-config="true" signature="initPageObjects()[pri:0, instance:testCases.LoginLogoutEndToEnd_TestCases@63475ace]" started-at="2025-02-26T13:34:08 IST" name="initPageObjects" finished-at="2025-02-26T13:34:08 IST" duration-ms="52" status="PASS">
          <reporter-output>
          </reporter-output>
        </test-method> <!-- initPageObjects -->
        <test-method signature="loginToApplication(java.lang.String,java.lang.String)[pri:0, instance:testCases.LoginLogoutEndToEnd_TestCases@63475ace]" started-at="2025-02-26T13:34:08 IST" name="loginToApplication" data-provider="active-user-credentials" finished-at="2025-02-26T13:34:09 IST" duration-ms="1069" status="PASS">
          <params>
            <param index="0">
              <value>
                <![CDATA[standard_user]]>
              </value>
            </param>
            <param index="1">
              <value>
                <![CDATA[secret_sauce]]>
              </value>
            </param>
          </params>
          <reporter-output>
          </reporter-output>
        </test-method> <!-- loginToApplication -->
        <test-method is-config="true" signature="initPageObjects()[pri:0, instance:testCases.LoginLogoutEndToEnd_TestCases@63475ace]" started-at="2025-02-26T13:34:09 IST" name="initPageObjects" finished-at="2025-02-26T13:34:09 IST" duration-ms="1" status="PASS">
          <reporter-output>
          </reporter-output>
        </test-method> <!-- initPageObjects -->
        <test-method signature="verifyProductPageTitle()[pri:1, instance:testCases.LoginLogoutEndToEnd_TestCases@63475ace]" started-at="2025-02-26T13:34:09 IST" name="verifyProductPageTitle" finished-at="2025-02-26T13:34:09 IST" depends-on-methods="testCases.LoginLogoutEndToEnd_TestCases.loginToApplication" duration-ms="59" status="PASS">
          <reporter-output>
          </reporter-output>
        </test-method> <!-- verifyProductPageTitle -->
        <test-method is-config="true" signature="initPageObjects()[pri:0, instance:testCases.LoginLogoutEndToEnd_TestCases@63475ace]" started-at="2025-02-26T13:34:09 IST" name="initPageObjects" finished-at="2025-02-26T13:34:09 IST" duration-ms="8" status="PASS">
          <reporter-output>
          </reporter-output>
        </test-method> <!-- initPageObjects -->
        <test-method signature="verifyDowndownValuesOfSortOnProductsPage()[pri:2, instance:testCases.LoginLogoutEndToEnd_TestCases@63475ace]" started-at="2025-02-26T13:34:09 IST" name="verifyDowndownValuesOfSortOnProductsPage" finished-at="2025-02-26T13:34:14 IST" depends-on-methods="testCases.LoginLogoutEndToEnd_TestCases.loginToApplication" duration-ms="5130" status="PASS">
          <reporter-output>
          </reporter-output>
        </test-method> <!-- verifyDowndownValuesOfSortOnProductsPage -->
        <test-method signature="selectDowndownValues()[pri:3, instance:testCases.LoginLogoutEndToEnd_TestCases@63475ace]" started-at="2025-02-26T13:34:14 IST" name="selectDowndownValues" finished-at="2025-02-26T13:34:20 IST" depends-on-methods="testCases.LoginLogoutEndToEnd_TestCases.verifyDowndownValuesOfSortOnProductsPage" duration-ms="5730" status="PASS">
          <reporter-output>
          </reporter-output>
        </test-method> <!-- selectDowndownValues -->
        <test-method is-config="true" signature="initPageObjects()[pri:0, instance:testCases.LoginLogoutEndToEnd_TestCases@63475ace]" started-at="2025-02-26T13:34:14 IST" name="initPageObjects" finished-at="2025-02-26T13:34:14 IST" duration-ms="0" status="PASS">
          <reporter-output>
          </reporter-output>
        </test-method> <!-- initPageObjects -->
        <test-method is-config="true" signature="initPageObjects()[pri:0, instance:testCases.LoginLogoutEndToEnd_TestCases@63475ace]" started-at="2025-02-26T13:34:20 IST" name="initPageObjects" finished-at="2025-02-26T13:34:20 IST" duration-ms="7" status="PASS">
          <reporter-output>
          </reporter-output>
        </test-method> <!-- initPageObjects -->
        <test-method signature="addTwoItemsInCartRemoveOneCheckSummaryPage()[pri:4, instance:testCases.LoginLogoutEndToEnd_TestCases@63475ace]" started-at="2025-02-26T13:34:20 IST" name="addTwoItemsInCartRemoveOneCheckSummaryPage" finished-at="2025-02-26T13:34:26 IST" depends-on-methods="testCases.LoginLogoutEndToEnd_TestCases.selectDowndownValues" duration-ms="6369" status="PASS">
          <reporter-output>
          </reporter-output>
        </test-method> <!-- addTwoItemsInCartRemoveOneCheckSummaryPage -->
        <test-method is-config="true" signature="initPageObjects()[pri:0, instance:testCases.LoginLogoutEndToEnd_TestCases@63475ace]" started-at="2025-02-26T13:34:26 IST" name="initPageObjects" finished-at="2025-02-26T13:34:26 IST" duration-ms="3" status="PASS">
          <reporter-output>
          </reporter-output>
        </test-method> <!-- initPageObjects -->
        <test-method signature="logoutFromoApplication()[pri:9, instance:testCases.LoginLogoutEndToEnd_TestCases@63475ace]" started-at="2025-02-26T13:34:26 IST" name="logoutFromoApplication" finished-at="2025-02-26T13:34:36 IST" depends-on-methods="testCases.LoginLogoutEndToEnd_TestCases.loginToApplication" duration-ms="10241" status="PASS">
          <reporter-output>
          </reporter-output>
        </test-method> <!-- logoutFromoApplication -->
        <test-method is-config="true" signature="closeBrowser()[pri:0, instance:testCases.LoginLogoutEndToEnd_TestCases@63475ace]" started-at="2025-02-26T13:34:36 IST" name="closeBrowser" finished-at="2025-02-26T13:34:38 IST" duration-ms="1340" status="PASS">
          <reporter-output>
          </reporter-output>
        </test-method> <!-- closeBrowser -->
      </class> <!-- testCases.LoginLogoutEndToEnd_TestCases -->
    </test> <!-- Test -->
  </suite> <!-- suite -->
</testng-results>
