<?xml version="1.0" encoding="UTF-8"?>
<!-- Generated by org.testng.reporters.JUnitXMLReporter -->
<testsuite ignored="0" hostname="AIPL7864LT15523" failures="0" tests="6" name="Test" time="42.339" errors="0" timestamp="2025-02-26T13:34:38 IST">
  <testcase classname="testCases.LoginLogoutEndToEnd_TestCases" name="loginToApplication" time="1.069"/>
  <testcase classname="testCases.LoginLogoutEndToEnd_TestCases" name="verifyProductPageTitle" time="0.059"/>
  <testcase classname="testCases.LoginLogoutEndToEnd_TestCases" name="verifyDowndownValuesOfSortOnProductsPage" time="5.13"/>
  <testcase classname="testCases.LoginLogoutEndToEnd_TestCases" name="selectDowndownValues" time="5.73"/>
  <testcase classname="testCases.LoginLogoutEndToEnd_TestCases" name="addTwoItemsInCartRemoveOneCheckSummaryPage" time="6.369"/>
  <testcase classname="testCases.LoginLogoutEndToEnd_TestCases" name="logoutFromoApplication" time="10.241"/>
</testsuite> <!-- Test -->
